52212342210452
53745780560706
44500103994466
56145858002331
49803605803304
56534436206506
48065601186404
51448665604583
44386003010058
55125116243353
51428784904892
54524733627586
55529707906224
56858794372446
55966597174057
45229130505366
48557949332750
51423825658768
44971399803636
56129326655858
54441504458970
50756243917084
50458951635511
57789499822704
55914169685259
44282807916340
55618173149121
55949537490060
56770692059462
57784815052735
50480421507604
45397069179420
58033393364066
51167073470351
54476606143070
52677068362954
56122538086931
48474526223901
45984541050314
45259515555108
57675367118833
51434849122948
43910218956848
48421027008702
52781365615072
54113324863821
52091157053539
44112271140739
52341053943422
54001863274718
51781789951029
53291166241738
53631243037861
56820394871078
56665505868738
57316297390252
54302767022788
56157159511676
54549145561253
54438846586900
58341570867378
58341442043772
58340784852154
58341162538622
58340524362232
58341004681683
58341698358994
58341402208265
58341178453571
58341698358994
58340540332702
58341540265805
58340895892457
58341243926736
58340983505961
58340484040937
58341228491870
58341698358994
58340343769109
58339853032506
58340891198259
58341241848969
58340673409107
58341312714976
58341300052420
58341365782721
58341506297662
58340596475912
58341698358994
58340877290547
58341597143914
58340916477108
58341426038003
58341559815956
58341698358994
58341581842591
58341136143862
58341698358994
58340665253465
58341255443284
